<?xml version="1.0" encoding="UTF-8"?>
<testng-results skipped="0" failed="0" ignored="0" total="1" passed="1">
  <reporter-output>
  </reporter-output>
  <suite name="Default suite" duration-ms="1690" started-at="2021-12-03T16:22:01Z" finished-at="2021-12-03T16:22:02Z">
    <groups>
    </groups>
    <test name="Default test" duration-ms="1690" started-at="2021-12-03T16:22:01Z" finished-at="2021-12-03T16:22:02Z">
      <class name="restAPI.PostRequest">
        <test-method status="PASS" signature="Postcall()[pri:0, instance:restAPI.PostRequest@22eeefeb]" name="Postcall" duration-ms="1668" started-at="2021-12-03T16:22:01Z" finished-at="2021-12-03T16:22:02Z">
          <reporter-output>
          </reporter-output>
        </test-method> <!-- Postcall -->
      </class> <!-- restAPI.PostRequest -->
    </test> <!-- Default test -->
  </suite> <!-- Default suite -->
</testng-results>
